<?xml version="1.0" encoding="UTF-8"?>
<!-- Generated by org.testng.reporters.JUnitReportReporter -->
<testsuite skipped="0" hostname="pc" name="tests.SampleTest" tests="4" failures="0" timestamp="24 Apr 2019 22:43:03 GMT" time="10.497" errors="0">
  <testcase name="testreceived" time="0.006" classname="tests.SampleTest"/>
  <testcase name="testMail" time="4.210" classname="tests.SampleTest"/>
  <testcase name="testDelete" time="0.048" classname="tests.SampleTest"/>
  <testcase name="testAdd" time="6.233" classname="tests.SampleTest"/>
</testsuite> <!-- tests.SampleTest -->
