<?xml version="1.0" encoding="UTF-8"?>
<!-- Generated by org.testng.reporters.JUnitReportReporter -->
<testsuite skipped="0" hostname="pc" name="tests.SampleTest" tests="4" failures="0" timestamp="25 Apr 2019 16:25:33 GMT" time="8.085" errors="0">
  <testcase name="testMail" time="3.523" classname="tests.SampleTest"/>
  <testcase name="testDelete" time="0.025" classname="tests.SampleTest"/>
  <testcase name="testreceived" time="0.004" classname="tests.SampleTest"/>
  <testcase name="testAdd" time="4.533" classname="tests.SampleTest"/>
</testsuite> <!-- tests.SampleTest -->
